<?xml version="1.0" encoding="UTF-8"?>
<!-- Generated by org.testng.reporters.JUnitXMLReporter -->
<testsuite ignored="0" hostname="DESKTOP-JTDOHPG" failures="0" tests="4" name="Test" time="46.727" errors="0" timestamp="2024-11-21T19:15:47 IST">
  <testcase classname="package1.Project1.TestCase1" name="registration_amazon" time="7.369"/>
  <testcase classname="package1.Project1.TestCase2" name="logintoamazon" time="4.576"/>
  <testcase classname="package1.Project1.TestCase3" name="wronglogintoamazon" time="5.046"/>
  <testcase classname="package1.Project1.TestCase5" name="logintoamazon" time="0.458"/>
</testsuite> <!-- Test -->
